INFO: [VRFC 10-2263] Analyzing Verilog file "C:/Users/Andrei/Desktop/faq/master an1/dsd/Pipeline Processor/project_pipeline_part2/project_pipeline_part2.srcs/sources_1/new/IR.v" into library xil_defaultlib
INFO: [VRFC 10-311] analyzing module IR
INFO: [VRFC 10-2263] Analyzing Verilog file "C:/Users/Andrei/Desktop/faq/master an1/dsd/Pipeline Processor/project_pipeline_part2/project_pipeline_part2.srcs/sources_1/new/TOP.v" into library xil_defaultlib
INFO: [VRFC 10-311] analyzing module Top
INFO: [VRFC 10-2263] Analyzing Verilog file "C:/Users/Andrei/Desktop/faq/master an1/dsd/Pipeline Processor/project_pipeline_part2/project_pipeline_part2.srcs/sources_1/new/data_memory.v" into library xil_defaultlib
INFO: [VRFC 10-311] analyzing module Data_Memory
INFO: [VRFC 10-2263] Analyzing Verilog file "C:/Users/Andrei/Desktop/faq/master an1/dsd/Pipeline Processor/project_pipeline_part2/project_pipeline_part2.srcs/sources_1/new/execute.v" into library xil_defaultlib
INFO: [VRFC 10-311] analyzing module EXECUTE
INFO: [VRFC 10-2263] Analyzing Verilog file "C:/Users/Andrei/Desktop/faq/master an1/dsd/Pipeline Processor/project_pipeline_part2/project_pipeline_part2.srcs/sources_1/new/execute_punte.v" into library xil_defaultlib
INFO: [VRFC 10-311] analyzing module EXECUTE_Pipeline
INFO: [VRFC 10-2263] Analyzing Verilog file "C:/Users/Andrei/Desktop/faq/master an1/dsd/Pipeline Processor/project_pipeline_part2/project_pipeline_part2.srcs/sources_1/new/fetch.v" into library xil_defaultlib
INFO: [VRFC 10-311] analyzing module fetch
INFO: [VRFC 10-2263] Analyzing Verilog file "C:/Users/Andrei/Desktop/faq/master an1/dsd/Pipeline Processor/project_pipeline_part2/project_pipeline_part2.srcs/sources_1/new/procesor.v" into library xil_defaultlib
INFO: [VRFC 10-311] analyzing module Procesor
INFO: [VRFC 10-2263] Analyzing Verilog file "C:/Users/Andrei/Desktop/faq/master an1/dsd/Pipeline Processor/project_pipeline_part2/project_pipeline_part2.srcs/sources_1/new/prog_memory.v" into library xil_defaultlib
INFO: [VRFC 10-311] analyzing module Program_Memory
INFO: [VRFC 10-2263] Analyzing Verilog file "C:/Users/Andrei/Desktop/faq/master an1/dsd/Pipeline Processor/project_pipeline_part2/project_pipeline_part2.srcs/sources_1/new/read.v" into library xil_defaultlib
INFO: [VRFC 10-311] analyzing module READ
INFO: [VRFC 10-2263] Analyzing Verilog file "C:/Users/Andrei/Desktop/faq/master an1/dsd/Pipeline Processor/project_pipeline_part2/project_pipeline_part2.srcs/sources_1/new/read_punte.v" into library xil_defaultlib
INFO: [VRFC 10-311] analyzing module READ_Pipeline
INFO: [VRFC 10-2263] Analyzing Verilog file "C:/Users/Andrei/Desktop/faq/master an1/dsd/Pipeline Processor/project_pipeline_part2/project_pipeline_part2.srcs/sources_1/new/regs.v" into library xil_defaultlib
INFO: [VRFC 10-311] analyzing module regs
INFO: [VRFC 10-2263] Analyzing Verilog file "C:/Users/Andrei/Desktop/faq/master an1/dsd/Pipeline Processor/project_pipeline_part2/project_pipeline_part2.srcs/sources_1/new/write_back.v" into library xil_defaultlib
INFO: [VRFC 10-311] analyzing module Write_back
INFO: [VRFC 10-2263] Analyzing Verilog file "C:/Users/Andrei/Desktop/faq/master an1/dsd/Pipeline Processor/project_pipeline_part2/project_pipeline_part2.srcs/sim_1/new/TB_Top.v" into library xil_defaultlib
INFO: [VRFC 10-311] analyzing module Top_TB
INFO: [VRFC 10-2263] Analyzing Verilog file "C:/Users/Andrei/Desktop/faq/master an1/dsd/Pipeline Processor/project_pipeline_part2/project_pipeline_part2.sim/sim_1/behav/xsim/glbl.v" into library xil_defaultlib
INFO: [VRFC 10-311] analyzing module glbl
