Vivado Simulator v2022.2
Copyright 1986-1999, 2001-2022 Xilinx, Inc. All Rights Reserved.
Running: C:/Xilinx/Vivado/2022.2/bin/unwrapped/win64.o/xelab.exe --incr --debug typical --relax --mt 2 -L xil_defaultlib -L unisims_ver -L unimacro_ver -L secureip --snapshot Top_TB_behav xil_defaultlib.Top_TB xil_defaultlib.glbl -log elaborate.log 
Using 2 slave threads.
Starting static elaboration
Pass Through NonSizing Optimizer
Completed static elaboration
Starting simulation data flow analysis
WARNING: [XSIM 43-4099] "C:/Users/Andrei/Desktop/faq/master an1/dsd/Pipeline Processor/project_pipeline_part2/project_pipeline_part2.srcs/sources_1/new/TOP.v" Line 3. Module Top doesn't have a timescale but at least one module in design has a timescale.
WARNING: [XSIM 43-4099] "C:/Users/Andrei/Desktop/faq/master an1/dsd/Pipeline Processor/project_pipeline_part2/project_pipeline_part2.srcs/sources_1/new/procesor.v" Line 3. Module Procesor doesn't have a timescale but at least one module in design has a timescale.
WARNING: [XSIM 43-4099] "C:/Users/Andrei/Desktop/faq/master an1/dsd/Pipeline Processor/project_pipeline_part2/project_pipeline_part2.srcs/sources_1/new/fetch.v" Line 3. Module fetch doesn't have a timescale but at least one module in design has a timescale.
WARNING: [XSIM 43-4099] "C:/Users/Andrei/Desktop/faq/master an1/dsd/Pipeline Processor/project_pipeline_part2/project_pipeline_part2.srcs/sources_1/new/IR.v" Line 3. Module IR doesn't have a timescale but at least one module in design has a timescale.
WARNING: [XSIM 43-4099] "C:/Users/Andrei/Desktop/faq/master an1/dsd/Pipeline Processor/project_pipeline_part2/project_pipeline_part2.srcs/sources_1/new/read.v" Line 3. Module READ doesn't have a timescale but at least one module in design has a timescale.
WARNING: [XSIM 43-4099] "C:/Users/Andrei/Desktop/faq/master an1/dsd/Pipeline Processor/project_pipeline_part2/project_pipeline_part2.srcs/sources_1/new/regs.v" Line 3. Module regs doesn't have a timescale but at least one module in design has a timescale.
WARNING: [XSIM 43-4099] "C:/Users/Andrei/Desktop/faq/master an1/dsd/Pipeline Processor/project_pipeline_part2/project_pipeline_part2.srcs/sources_1/new/read_punte.v" Line 3. Module READ_Pipeline doesn't have a timescale but at least one module in design has a timescale.
WARNING: [XSIM 43-4099] "C:/Users/Andrei/Desktop/faq/master an1/dsd/Pipeline Processor/project_pipeline_part2/project_pipeline_part2.srcs/sources_1/new/execute.v" Line 3. Module EXECUTE doesn't have a timescale but at least one module in design has a timescale.
WARNING: [XSIM 43-4099] "C:/Users/Andrei/Desktop/faq/master an1/dsd/Pipeline Processor/project_pipeline_part2/project_pipeline_part2.srcs/sources_1/new/execute_punte.v" Line 3. Module EXECUTE_Pipeline doesn't have a timescale but at least one module in design has a timescale.
WARNING: [XSIM 43-4099] "C:/Users/Andrei/Desktop/faq/master an1/dsd/Pipeline Processor/project_pipeline_part2/project_pipeline_part2.srcs/sources_1/new/write_back.v" Line 3. Module Write_back doesn't have a timescale but at least one module in design has a timescale.
WARNING: [XSIM 43-4099] "C:/Users/Andrei/Desktop/faq/master an1/dsd/Pipeline Processor/project_pipeline_part2/project_pipeline_part2.srcs/sources_1/new/prog_memory.v" Line 3. Module Program_Memory doesn't have a timescale but at least one module in design has a timescale.
WARNING: [XSIM 43-4099] "C:/Users/Andrei/Desktop/faq/master an1/dsd/Pipeline Processor/project_pipeline_part2/project_pipeline_part2.srcs/sources_1/new/data_memory.v" Line 3. Module Data_Memory doesn't have a timescale but at least one module in design has a timescale.
WARNING: [XSIM 43-4099] "C:/Users/Andrei/Desktop/faq/master an1/dsd/Pipeline Processor/project_pipeline_part2/project_pipeline_part2.srcs/sources_1/new/TOP.v" Line 3. Module Top doesn't have a timescale but at least one module in design has a timescale.
WARNING: [XSIM 43-4099] "C:/Users/Andrei/Desktop/faq/master an1/dsd/Pipeline Processor/project_pipeline_part2/project_pipeline_part2.srcs/sources_1/new/procesor.v" Line 3. Module Procesor doesn't have a timescale but at least one module in design has a timescale.
WARNING: [XSIM 43-4099] "C:/Users/Andrei/Desktop/faq/master an1/dsd/Pipeline Processor/project_pipeline_part2/project_pipeline_part2.srcs/sources_1/new/fetch.v" Line 3. Module fetch doesn't have a timescale but at least one module in design has a timescale.
WARNING: [XSIM 43-4099] "C:/Users/Andrei/Desktop/faq/master an1/dsd/Pipeline Processor/project_pipeline_part2/project_pipeline_part2.srcs/sources_1/new/IR.v" Line 3. Module IR doesn't have a timescale but at least one module in design has a timescale.
WARNING: [XSIM 43-4099] "C:/Users/Andrei/Desktop/faq/master an1/dsd/Pipeline Processor/project_pipeline_part2/project_pipeline_part2.srcs/sources_1/new/read.v" Line 3. Module READ doesn't have a timescale but at least one module in design has a timescale.
WARNING: [XSIM 43-4099] "C:/Users/Andrei/Desktop/faq/master an1/dsd/Pipeline Processor/project_pipeline_part2/project_pipeline_part2.srcs/sources_1/new/regs.v" Line 3. Module regs doesn't have a timescale but at least one module in design has a timescale.
WARNING: [XSIM 43-4099] "C:/Users/Andrei/Desktop/faq/master an1/dsd/Pipeline Processor/project_pipeline_part2/project_pipeline_part2.srcs/sources_1/new/read_punte.v" Line 3. Module READ_Pipeline doesn't have a timescale but at least one module in design has a timescale.
WARNING: [XSIM 43-4099] "C:/Users/Andrei/Desktop/faq/master an1/dsd/Pipeline Processor/project_pipeline_part2/project_pipeline_part2.srcs/sources_1/new/execute.v" Line 3. Module EXECUTE doesn't have a timescale but at least one module in design has a timescale.
WARNING: [XSIM 43-4099] "C:/Users/Andrei/Desktop/faq/master an1/dsd/Pipeline Processor/project_pipeline_part2/project_pipeline_part2.srcs/sources_1/new/execute_punte.v" Line 3. Module EXECUTE_Pipeline doesn't have a timescale but at least one module in design has a timescale.
WARNING: [XSIM 43-4099] "C:/Users/Andrei/Desktop/faq/master an1/dsd/Pipeline Processor/project_pipeline_part2/project_pipeline_part2.srcs/sources_1/new/write_back.v" Line 3. Module Write_back doesn't have a timescale but at least one module in design has a timescale.
WARNING: [XSIM 43-4099] "C:/Users/Andrei/Desktop/faq/master an1/dsd/Pipeline Processor/project_pipeline_part2/project_pipeline_part2.srcs/sources_1/new/prog_memory.v" Line 3. Module Program_Memory doesn't have a timescale but at least one module in design has a timescale.
WARNING: [XSIM 43-4099] "C:/Users/Andrei/Desktop/faq/master an1/dsd/Pipeline Processor/project_pipeline_part2/project_pipeline_part2.srcs/sources_1/new/data_memory.v" Line 3. Module Data_Memory doesn't have a timescale but at least one module in design has a timescale.
Completed simulation data flow analysis
Time Resolution for simulation is 1ps
Compiling module xil_defaultlib.fetch
Compiling module xil_defaultlib.IR
Compiling module xil_defaultlib.READ
Compiling module xil_defaultlib.regs
Compiling module xil_defaultlib.READ_Pipeline
Compiling module xil_defaultlib.EXECUTE
Compiling module xil_defaultlib.EXECUTE_Pipeline
Compiling module xil_defaultlib.Write_back
Compiling module xil_defaultlib.Procesor
Compiling module xil_defaultlib.Program_Memory
Compiling module xil_defaultlib.Data_Memory
Compiling module xil_defaultlib.Top
Compiling module xil_defaultlib.Top_TB
Compiling module xil_defaultlib.glbl
Built simulation snapshot Top_TB_behav
