
*** Running vivado
    with args -log Top.vds -m64 -product Vivado -mode batch -messageDb vivado.pb -notrace -source Top.tcl



****** Vivado v2022.2 (64-bit)
  **** SW Build 3671981 on Fri Oct 14 05:00:03 MDT 2022
  **** IP Build 3669848 on Fri Oct 14 08:30:02 MDT 2022
    ** Copyright 1986-2022 Xilinx, Inc. All Rights Reserved.

source Top.tcl -notrace
create_project: Time (s): cpu = 00:00:05 ; elapsed = 00:00:06 . Memory (MB): peak = 394.605 ; gain = 57.852
Command: synth_design -top Top -part xc7k70tfbv676-1
Starting synth_design
Attempting to get a license for feature 'Synthesis' and/or device 'xc7k70t'
INFO: [Common 17-349] Got license for feature 'Synthesis' and/or device 'xc7k70t'
INFO: [Synth 8-7079] Multithreading enabled for synth_design using a maximum of 2 processes.
INFO: [Synth 8-7078] Launching helper process for spawning children vivado processes
INFO: [Synth 8-7075] Helper process launched with PID 5712
INFO: [Synth 8-11241] undeclared symbol 'REGCCE', assumed default net type 'wire' [C:/Xilinx/Vivado/2022.2/data/verilog/src/unimacro/BRAM_SINGLE_MACRO.v:2170]
---------------------------------------------------------------------------------
Starting Synthesize : Time (s): cpu = 00:00:05 ; elapsed = 00:00:06 . Memory (MB): peak = 833.461 ; gain = 414.004
---------------------------------------------------------------------------------
INFO: [Synth 8-6157] synthesizing module 'Top' [C:/Users/Andrei/Desktop/ProjecDSD_Pipeline/project_pipeline_part2/project_pipeline_part2.srcs/sources_1/new/TOP.v:3]
INFO: [Synth 8-6157] synthesizing module 'Procesor' [C:/Users/Andrei/Desktop/ProjecDSD_Pipeline/project_pipeline_part2/project_pipeline_part2.srcs/sources_1/new/procesor.v:3]
INFO: [Synth 8-6157] synthesizing module 'fetch' [C:/Users/Andrei/Desktop/ProjecDSD_Pipeline/project_pipeline_part2/project_pipeline_part2.srcs/sources_1/new/fetch.v:3]
INFO: [Synth 8-6155] done synthesizing module 'fetch' (0#1) [C:/Users/Andrei/Desktop/ProjecDSD_Pipeline/project_pipeline_part2/project_pipeline_part2.srcs/sources_1/new/fetch.v:3]
INFO: [Synth 8-6157] synthesizing module 'IR' [C:/Users/Andrei/Desktop/ProjecDSD_Pipeline/project_pipeline_part2/project_pipeline_part2.srcs/sources_1/new/IR.v:3]
INFO: [Synth 8-6155] done synthesizing module 'IR' (0#1) [C:/Users/Andrei/Desktop/ProjecDSD_Pipeline/project_pipeline_part2/project_pipeline_part2.srcs/sources_1/new/IR.v:3]
INFO: [Synth 8-6157] synthesizing module 'READ' [C:/Users/Andrei/Desktop/ProjecDSD_Pipeline/project_pipeline_part2/project_pipeline_part2.srcs/sources_1/new/read.v:3]
WARNING: [Synth 8-153] case item 10'b1000xxxxxx will never be executed [C:/Users/Andrei/Desktop/ProjecDSD_Pipeline/project_pipeline_part2/project_pipeline_part2.srcs/sources_1/new/read.v:37]
WARNING: [Synth 8-151] case item 10'b0000001010 is unreachable [C:/Users/Andrei/Desktop/ProjecDSD_Pipeline/project_pipeline_part2/project_pipeline_part2.srcs/sources_1/new/read.v:37]
WARNING: [Synth 8-151] case item 10'b0000001011 is unreachable [C:/Users/Andrei/Desktop/ProjecDSD_Pipeline/project_pipeline_part2/project_pipeline_part2.srcs/sources_1/new/read.v:37]
INFO: [Synth 8-6155] done synthesizing module 'READ' (0#1) [C:/Users/Andrei/Desktop/ProjecDSD_Pipeline/project_pipeline_part2/project_pipeline_part2.srcs/sources_1/new/read.v:3]
WARNING: [Synth 8-7071] port 'dest_ex_float' of module 'READ' is unconnected for instance 'read_out' [C:/Users/Andrei/Desktop/ProjecDSD_Pipeline/project_pipeline_part2/project_pipeline_part2.srcs/sources_1/new/procesor.v:72]
WARNING: [Synth 8-7071] port 'result_ex_float' of module 'READ' is unconnected for instance 'read_out' [C:/Users/Andrei/Desktop/ProjecDSD_Pipeline/project_pipeline_part2/project_pipeline_part2.srcs/sources_1/new/procesor.v:72]
WARNING: [Synth 8-7023] instance 'read_out' of module 'READ' has 21 connections declared, but only 19 given [C:/Users/Andrei/Desktop/ProjecDSD_Pipeline/project_pipeline_part2/project_pipeline_part2.srcs/sources_1/new/procesor.v:72]
INFO: [Synth 8-6157] synthesizing module 'regs' [C:/Users/Andrei/Desktop/ProjecDSD_Pipeline/project_pipeline_part2/project_pipeline_part2.srcs/sources_1/new/regs.v:3]
INFO: [Synth 8-6155] done synthesizing module 'regs' (0#1) [C:/Users/Andrei/Desktop/ProjecDSD_Pipeline/project_pipeline_part2/project_pipeline_part2.srcs/sources_1/new/regs.v:3]
INFO: [Synth 8-6157] synthesizing module 'READ_Pipeline' [C:/Users/Andrei/Desktop/ProjecDSD_Pipeline/project_pipeline_part2/project_pipeline_part2.srcs/sources_1/new/read_punte.v:3]
INFO: [Synth 8-6155] done synthesizing module 'READ_Pipeline' (0#1) [C:/Users/Andrei/Desktop/ProjecDSD_Pipeline/project_pipeline_part2/project_pipeline_part2.srcs/sources_1/new/read_punte.v:3]
INFO: [Synth 8-6157] synthesizing module 'EXECUTE' [C:/Users/Andrei/Desktop/ProjecDSD_Pipeline/project_pipeline_part2/project_pipeline_part2.srcs/sources_1/new/execute.v:3]
WARNING: [Synth 8-153] case item 10'b1000xxxxxx will never be executed [C:/Users/Andrei/Desktop/ProjecDSD_Pipeline/project_pipeline_part2/project_pipeline_part2.srcs/sources_1/new/execute.v:40]
WARNING: [Synth 8-151] case item 10'b0000001010 is unreachable [C:/Users/Andrei/Desktop/ProjecDSD_Pipeline/project_pipeline_part2/project_pipeline_part2.srcs/sources_1/new/execute.v:40]
WARNING: [Synth 8-151] case item 10'b0000001011 is unreachable [C:/Users/Andrei/Desktop/ProjecDSD_Pipeline/project_pipeline_part2/project_pipeline_part2.srcs/sources_1/new/execute.v:40]
INFO: [Synth 8-6155] done synthesizing module 'EXECUTE' (0#1) [C:/Users/Andrei/Desktop/ProjecDSD_Pipeline/project_pipeline_part2/project_pipeline_part2.srcs/sources_1/new/execute.v:3]
INFO: [Synth 8-6157] synthesizing module 'EXECUTE_Pipeline' [C:/Users/Andrei/Desktop/ProjecDSD_Pipeline/project_pipeline_part2/project_pipeline_part2.srcs/sources_1/new/execute_punte.v:3]
INFO: [Synth 8-6155] done synthesizing module 'EXECUTE_Pipeline' (0#1) [C:/Users/Andrei/Desktop/ProjecDSD_Pipeline/project_pipeline_part2/project_pipeline_part2.srcs/sources_1/new/execute_punte.v:3]
INFO: [Synth 8-6157] synthesizing module 'Write_back' [C:/Users/Andrei/Desktop/ProjecDSD_Pipeline/project_pipeline_part2/project_pipeline_part2.srcs/sources_1/new/write_back.v:3]
INFO: [Synth 8-6155] done synthesizing module 'Write_back' (0#1) [C:/Users/Andrei/Desktop/ProjecDSD_Pipeline/project_pipeline_part2/project_pipeline_part2.srcs/sources_1/new/write_back.v:3]
INFO: [Synth 8-6155] done synthesizing module 'Procesor' (0#1) [C:/Users/Andrei/Desktop/ProjecDSD_Pipeline/project_pipeline_part2/project_pipeline_part2.srcs/sources_1/new/procesor.v:3]
INFO: [Synth 8-6157] synthesizing module 'Program_Memory' [C:/Users/Andrei/Desktop/ProjecDSD_Pipeline/project_pipeline_part2/project_pipeline_part2.srcs/sources_1/new/prog_memory.v:3]
INFO: [Synth 8-6155] done synthesizing module 'Program_Memory' (0#1) [C:/Users/Andrei/Desktop/ProjecDSD_Pipeline/project_pipeline_part2/project_pipeline_part2.srcs/sources_1/new/prog_memory.v:3]
INFO: [Synth 8-6157] synthesizing module 'Data_Memory' [C:/Users/Andrei/Desktop/ProjecDSD_Pipeline/project_pipeline_part2/project_pipeline_part2.srcs/sources_1/new/data_memory.v:3]
INFO: [Synth 8-6155] done synthesizing module 'Data_Memory' (0#1) [C:/Users/Andrei/Desktop/ProjecDSD_Pipeline/project_pipeline_part2/project_pipeline_part2.srcs/sources_1/new/data_memory.v:3]
INFO: [Synth 8-6155] done synthesizing module 'Top' (0#1) [C:/Users/Andrei/Desktop/ProjecDSD_Pipeline/project_pipeline_part2/project_pipeline_part2.srcs/sources_1/new/TOP.v:3]
WARNING: [Synth 8-7129] Port instruction_in[8] in module Write_back is either unconnected or has no load
WARNING: [Synth 8-7129] Port instruction_in[7] in module Write_back is either unconnected or has no load
WARNING: [Synth 8-7129] Port instruction_in[6] in module Write_back is either unconnected or has no load
WARNING: [Synth 8-7129] Port instruction_in[5] in module Write_back is either unconnected or has no load
WARNING: [Synth 8-7129] Port instruction_in[4] in module Write_back is either unconnected or has no load
WARNING: [Synth 8-7129] Port instruction_in[3] in module Write_back is either unconnected or has no load
WARNING: [Synth 8-7129] Port instruction_in[2] in module Write_back is either unconnected or has no load
WARNING: [Synth 8-7129] Port instruction_in[1] in module Write_back is either unconnected or has no load
WARNING: [Synth 8-7129] Port instruction_in[0] in module Write_back is either unconnected or has no load
WARNING: [Synth 8-7129] Port offset_in[5] in module EXECUTE is either unconnected or has no load
WARNING: [Synth 8-7129] Port offset_in[4] in module EXECUTE is either unconnected or has no load
WARNING: [Synth 8-7129] Port offset_in[3] in module EXECUTE is either unconnected or has no load
WARNING: [Synth 8-7129] Port offset_in[2] in module EXECUTE is either unconnected or has no load
WARNING: [Synth 8-7129] Port offset_in[1] in module EXECUTE is either unconnected or has no load
WARNING: [Synth 8-7129] Port offset_in[0] in module EXECUTE is either unconnected or has no load
WARNING: [Synth 8-7129] Port cond_in[2] in module EXECUTE is either unconnected or has no load
WARNING: [Synth 8-7129] Port cond_in[1] in module EXECUTE is either unconnected or has no load
WARNING: [Synth 8-7129] Port cond_in[0] in module EXECUTE is either unconnected or has no load
WARNING: [Synth 8-7129] Port dest_ex_float[2] in module READ is either unconnected or has no load
WARNING: [Synth 8-7129] Port dest_ex_float[1] in module READ is either unconnected or has no load
WARNING: [Synth 8-7129] Port dest_ex_float[0] in module READ is either unconnected or has no load
WARNING: [Synth 8-7129] Port result_ex_float[31] in module READ is either unconnected or has no load
WARNING: [Synth 8-7129] Port result_ex_float[30] in module READ is either unconnected or has no load
WARNING: [Synth 8-7129] Port result_ex_float[29] in module READ is either unconnected or has no load
WARNING: [Synth 8-7129] Port result_ex_float[28] in module READ is either unconnected or has no load
WARNING: [Synth 8-7129] Port result_ex_float[27] in module READ is either unconnected or has no load
WARNING: [Synth 8-7129] Port result_ex_float[26] in module READ is either unconnected or has no load
WARNING: [Synth 8-7129] Port result_ex_float[25] in module READ is either unconnected or has no load
WARNING: [Synth 8-7129] Port result_ex_float[24] in module READ is either unconnected or has no load
WARNING: [Synth 8-7129] Port result_ex_float[23] in module READ is either unconnected or has no load
WARNING: [Synth 8-7129] Port result_ex_float[22] in module READ is either unconnected or has no load
WARNING: [Synth 8-7129] Port result_ex_float[21] in module READ is either unconnected or has no load
WARNING: [Synth 8-7129] Port result_ex_float[20] in module READ is either unconnected or has no load
WARNING: [Synth 8-7129] Port result_ex_float[19] in module READ is either unconnected or has no load
WARNING: [Synth 8-7129] Port result_ex_float[18] in module READ is either unconnected or has no load
WARNING: [Synth 8-7129] Port result_ex_float[17] in module READ is either unconnected or has no load
WARNING: [Synth 8-7129] Port result_ex_float[16] in module READ is either unconnected or has no load
WARNING: [Synth 8-7129] Port result_ex_float[15] in module READ is either unconnected or has no load
WARNING: [Synth 8-7129] Port result_ex_float[14] in module READ is either unconnected or has no load
WARNING: [Synth 8-7129] Port result_ex_float[13] in module READ is either unconnected or has no load
WARNING: [Synth 8-7129] Port result_ex_float[12] in module READ is either unconnected or has no load
WARNING: [Synth 8-7129] Port result_ex_float[11] in module READ is either unconnected or has no load
WARNING: [Synth 8-7129] Port result_ex_float[10] in module READ is either unconnected or has no load
WARNING: [Synth 8-7129] Port result_ex_float[9] in module READ is either unconnected or has no load
WARNING: [Synth 8-7129] Port result_ex_float[8] in module READ is either unconnected or has no load
WARNING: [Synth 8-7129] Port result_ex_float[7] in module READ is either unconnected or has no load
WARNING: [Synth 8-7129] Port result_ex_float[6] in module READ is either unconnected or has no load
WARNING: [Synth 8-7129] Port result_ex_float[5] in module READ is either unconnected or has no load
WARNING: [Synth 8-7129] Port result_ex_float[4] in module READ is either unconnected or has no load
WARNING: [Synth 8-7129] Port result_ex_float[3] in module READ is either unconnected or has no load
WARNING: [Synth 8-7129] Port result_ex_float[2] in module READ is either unconnected or has no load
WARNING: [Synth 8-7129] Port result_ex_float[1] in module READ is either unconnected or has no load
WARNING: [Synth 8-7129] Port result_ex_float[0] in module READ is either unconnected or has no load
---------------------------------------------------------------------------------
Finished Synthesize : Time (s): cpu = 00:00:06 ; elapsed = 00:00:08 . Memory (MB): peak = 927.734 ; gain = 508.277
---------------------------------------------------------------------------------
---------------------------------------------------------------------------------
Finished Constraint Validation : Time (s): cpu = 00:00:07 ; elapsed = 00:00:08 . Memory (MB): peak = 927.734 ; gain = 508.277
---------------------------------------------------------------------------------
---------------------------------------------------------------------------------
Start Loading Part and Timing Information
---------------------------------------------------------------------------------
Loading part: xc7k70tfbv676-1
---------------------------------------------------------------------------------
INFO: [Device 21-403] Loading part xc7k70tfbv676-1
Finished Loading Part and Timing Information : Time (s): cpu = 00:00:07 ; elapsed = 00:00:08 . Memory (MB): peak = 927.734 ; gain = 508.277
---------------------------------------------------------------------------------
---------------------------------------------------------------------------------
Finished RTL Optimization Phase 2 : Time (s): cpu = 00:00:07 ; elapsed = 00:00:09 . Memory (MB): peak = 927.734 ; gain = 508.277
---------------------------------------------------------------------------------
No constraint files found.
---------------------------------------------------------------------------------
Start RTL Component Statistics 
---------------------------------------------------------------------------------
Detailed RTL Component Info : 
+---Adders : 
	   3 Input   32 Bit       Adders := 1     
	   2 Input   10 Bit       Adders := 2     
+---XORs : 
	   2 Input     32 Bit         XORs := 1     
+---Registers : 
	               32 Bit    Registers := 13    
	               16 Bit    Registers := 3     
	               10 Bit    Registers := 1     
	                8 Bit    Registers := 1     
	                6 Bit    Registers := 2     
	                3 Bit    Registers := 2     
+---RAMs : 
	              32K Bit	(1024 X 32 bit)          RAMs := 1     
+---Muxes : 
	   2 Input   32 Bit        Muxes := 6     
	  18 Input   32 Bit        Muxes := 4     
	   3 Input   32 Bit        Muxes := 1     
	   2 Input   16 Bit        Muxes := 1     
	   2 Input   10 Bit        Muxes := 3     
	  18 Input   10 Bit        Muxes := 2     
	   7 Input    8 Bit        Muxes := 1     
	   7 Input    6 Bit        Muxes := 1     
	   7 Input    3 Bit        Muxes := 3     
	  18 Input    3 Bit        Muxes := 1     
	   3 Input    3 Bit        Muxes := 1     
	   2 Input    1 Bit        Muxes := 9     
	  18 Input    1 Bit        Muxes := 4     
	   3 Input    1 Bit        Muxes := 1     
---------------------------------------------------------------------------------
Finished RTL Component Statistics 
---------------------------------------------------------------------------------
---------------------------------------------------------------------------------
Start Part Resource Summary
---------------------------------------------------------------------------------
Part Resources:
DSPs: 240 (col length:80)
BRAMs: 270 (col length: RAMB18 80 RAMB36 40)
---------------------------------------------------------------------------------
Finished Part Resource Summary
---------------------------------------------------------------------------------
No constraint files found.
---------------------------------------------------------------------------------
Start Cross Boundary and Area Optimization
---------------------------------------------------------------------------------
WARNING: [Synth 8-7080] Parallel synthesis criteria is not met
---------------------------------------------------------------------------------
Finished Cross Boundary and Area Optimization : Time (s): cpu = 00:00:13 ; elapsed = 00:00:28 . Memory (MB): peak = 1111.016 ; gain = 691.559
---------------------------------------------------------------------------------
---------------------------------------------------------------------------------
Start ROM, RAM, DSP, Shift Register and Retiming Reporting
---------------------------------------------------------------------------------

ROM: Preliminary Mapping Report
+---------------+------------+---------------+----------------+
|Module Name    | RTL Object | Depth x Width | Implemented As | 
+---------------+------------+---------------+----------------+
|Program_Memory | memory     | 512x16        | LUT            | 
+---------------+------------+---------------+----------------+

---------------------------------------------------------------------------------
Finished ROM, RAM, DSP, Shift Register and Retiming Reporting
---------------------------------------------------------------------------------
No constraint files found.
---------------------------------------------------------------------------------
Start Timing Optimization
---------------------------------------------------------------------------------
---------------------------------------------------------------------------------
Finished Timing Optimization : Time (s): cpu = 00:00:13 ; elapsed = 00:00:28 . Memory (MB): peak = 1111.016 ; gain = 691.559
---------------------------------------------------------------------------------
---------------------------------------------------------------------------------
Start Technology Mapping
---------------------------------------------------------------------------------
---------------------------------------------------------------------------------
Finished Technology Mapping : Time (s): cpu = 00:00:13 ; elapsed = 00:00:28 . Memory (MB): peak = 1111.016 ; gain = 691.559
---------------------------------------------------------------------------------
---------------------------------------------------------------------------------
Start IO Insertion
---------------------------------------------------------------------------------
---------------------------------------------------------------------------------
Start Flattening Before IO Insertion
---------------------------------------------------------------------------------
---------------------------------------------------------------------------------
Finished Flattening Before IO Insertion
---------------------------------------------------------------------------------
---------------------------------------------------------------------------------
Start Final Netlist Cleanup
---------------------------------------------------------------------------------
---------------------------------------------------------------------------------
Finished Final Netlist Cleanup
---------------------------------------------------------------------------------
---------------------------------------------------------------------------------
Finished IO Insertion : Time (s): cpu = 00:00:17 ; elapsed = 00:00:32 . Memory (MB): peak = 1111.016 ; gain = 691.559
---------------------------------------------------------------------------------
---------------------------------------------------------------------------------
Start Renaming Generated Instances
---------------------------------------------------------------------------------
---------------------------------------------------------------------------------
Finished Renaming Generated Instances : Time (s): cpu = 00:00:17 ; elapsed = 00:00:32 . Memory (MB): peak = 1111.016 ; gain = 691.559
---------------------------------------------------------------------------------
---------------------------------------------------------------------------------
Start Rebuilding User Hierarchy
---------------------------------------------------------------------------------
---------------------------------------------------------------------------------
Finished Rebuilding User Hierarchy : Time (s): cpu = 00:00:17 ; elapsed = 00:00:32 . Memory (MB): peak = 1111.016 ; gain = 691.559
---------------------------------------------------------------------------------
---------------------------------------------------------------------------------
Start Renaming Generated Ports
---------------------------------------------------------------------------------
---------------------------------------------------------------------------------
Finished Renaming Generated Ports : Time (s): cpu = 00:00:17 ; elapsed = 00:00:32 . Memory (MB): peak = 1111.016 ; gain = 691.559
---------------------------------------------------------------------------------
---------------------------------------------------------------------------------
Start Handling Custom Attributes
---------------------------------------------------------------------------------
---------------------------------------------------------------------------------
Finished Handling Custom Attributes : Time (s): cpu = 00:00:17 ; elapsed = 00:00:32 . Memory (MB): peak = 1111.016 ; gain = 691.559
---------------------------------------------------------------------------------
---------------------------------------------------------------------------------
Start Renaming Generated Nets
---------------------------------------------------------------------------------
---------------------------------------------------------------------------------
Finished Renaming Generated Nets : Time (s): cpu = 00:00:17 ; elapsed = 00:00:32 . Memory (MB): peak = 1111.016 ; gain = 691.559
---------------------------------------------------------------------------------
---------------------------------------------------------------------------------
Start Writing Synthesis Report
---------------------------------------------------------------------------------

Report BlackBoxes: 
+-+--------------+----------+
| |BlackBox name |Instances |
+-+--------------+----------+
+-+--------------+----------+

Report Cell Usage: 
+-+-----+------+
| |Cell |Count |
+-+-----+------+
+-+-----+------+

Report Instance Areas: 
+------+---------+-------+------+
|      |Instance |Module |Cells |
+------+---------+-------+------+
|1     |top      |       |     0|
+------+---------+-------+------+
---------------------------------------------------------------------------------
Finished Writing Synthesis Report : Time (s): cpu = 00:00:17 ; elapsed = 00:00:32 . Memory (MB): peak = 1111.016 ; gain = 691.559
---------------------------------------------------------------------------------
Synthesis finished with 0 errors, 0 critical warnings and 63 warnings.
Synthesis Optimization Runtime : Time (s): cpu = 00:00:17 ; elapsed = 00:00:32 . Memory (MB): peak = 1111.016 ; gain = 691.559
Synthesis Optimization Complete : Time (s): cpu = 00:00:17 ; elapsed = 00:00:32 . Memory (MB): peak = 1111.016 ; gain = 691.559
INFO: [Project 1-571] Translating synthesized netlist
Netlist sorting complete. Time (s): cpu = 00:00:00 ; elapsed = 00:00:00 . Memory (MB): peak = 1111.016 ; gain = 0.000
INFO: [Project 1-570] Preparing netlist for logic optimization
INFO: [Opt 31-138] Pushed 0 inverter(s) to 0 load pin(s).
Netlist sorting complete. Time (s): cpu = 00:00:00 ; elapsed = 00:00:00 . Memory (MB): peak = 1211.941 ; gain = 0.000
INFO: [Project 1-111] Unisim Transformation Summary:
No Unisim elements were transformed.

Synth Design complete, checksum: 503bd7b1
INFO: [Common 17-83] Releasing license: Synthesis
35 Infos, 63 Warnings, 0 Critical Warnings and 0 Errors encountered.
synth_design completed successfully
synth_design: Time (s): cpu = 00:00:19 ; elapsed = 00:00:34 . Memory (MB): peak = 1211.941 ; gain = 817.336
INFO: [Common 17-1381] The checkpoint 'C:/Users/Andrei/Desktop/ProjecDSD_Pipeline/project_pipeline_part2/project_pipeline_part2.runs/synth_1/Top.dcp' has been generated.
INFO: [runtcl-4] Executing : report_utilization -file Top_utilization_synth.rpt -pb Top_utilization_synth.pb
INFO: [Common 17-206] Exiting Vivado at Wed Jan 21 22:14:01 2026...
